sample.interval=20000
"strsplit" "summaryRprof" 
"lapply" "sapply" "summaryRprof" 
"factor" "table" "summaryRprof" 
"strsplit" "summaryRprof" 
"is.factor" "unique.default" "FUN" "lapply" "summaryRprof" 
"strsplit" "summaryRprof" 
"strsplit" "summaryRprof" 
"is.factor" "unique.default" "FUN" "lapply" "summaryRprof" 
"strsplit" "summaryRprof" 
"strsplit" "summaryRprof" 
"unique.default" "FUN" "lapply" "summaryRprof" 
"strsplit" "summaryRprof" 
"strsplit" "summaryRprof" 
"unique.default" "FUN" "lapply" "summaryRprof" 
"strsplit" "summaryRprof" 
"strsplit" "summaryRprof" 
"FUN" "lapply" "summaryRprof" 
"strsplit" "summaryRprof" 
"FUN" "lapply" "summaryRprof" 
"strsplit" "summaryRprof" 
"strsplit" "summaryRprof" 
"lapply" "summaryRprof" 
"strsplit" "summaryRprof" 
"strsplit" "summaryRprof" 
"readLines" "summaryRprof" 
"strsplit" "summaryRprof" 
"lapply" "summaryRprof" 
"strsplit" "summaryRprof" 
"strsplit" "summaryRprof" 
"unlist" "summaryRprof" 
"strsplit" "summaryRprof" 
"lapply" "sapply" "summaryRprof" 
"strsplit" "summaryRprof" 
"strsplit" "summaryRprof" 
"unique.default" "FUN" "lapply" "summaryRprof" 
"strsplit" "summaryRprof" 
"strsplit" "summaryRprof" 
"readLines" "summaryRprof" 
"strsplit" "summaryRprof" 
"lapply" "summaryRprof" 
"readLines" "summaryRprof" 
"strsplit" "summaryRprof" 
"lapply" "summaryRprof" 
"strsplit" "summaryRprof" 
"strsplit" "summaryRprof" 
"unique.default" "FUN" "lapply" "summaryRprof" 
"strsplit" "summaryRprof" 
"strsplit" "summaryRprof" 
"factor" "table" "summaryRprof" 
"strsplit" "summaryRprof" 
"lapply" "summaryRprof" 
"readLines" "summaryRprof" 
"strsplit" "summaryRprof" 
"unique.default" "FUN" "lapply" "summaryRprof" 
"strsplit" "summaryRprof" 
"strsplit" "summaryRprof" 
"lapply" "summaryRprof" 
"strsplit" "summaryRprof" 
"strsplit" "summaryRprof" 
"readLines" "summaryRprof" 
"strsplit" "summaryRprof" 
"FUN" "lapply" "summaryRprof" 
"strsplit" "summaryRprof" 
"strsplit" "summaryRprof" 
"sort.int" "sort.default" "sort" "rowsum.default" "rowsum" "summaryRprof" 
"strsplit" "summaryRprof" 
"unique.default" "FUN" "lapply" "summaryRprof" 
"strsplit" "summaryRprof" 
"strsplit" "summaryRprof" 
"FUN" "lapply" "summaryRprof" 
"strsplit" "summaryRprof" 
"strsplit" "summaryRprof" 
"readLines" "summaryRprof" 
"strsplit" "summaryRprof" 
"FUN" "lapply" "summaryRprof" 
"strsplit" "summaryRprof" 
"strsplit" "summaryRprof" 
"unlist" "summaryRprof" 
"strsplit" "summaryRprof" 
"FUN" "lapply" "summaryRprof" 
"readLines" "summaryRprof" 
"strsplit" "summaryRprof" 
"unique.default" "FUN" "lapply" "summaryRprof" 
"strsplit" "summaryRprof" 
"strsplit" "summaryRprof" 
"factor" "table" "summaryRprof" 
"strsplit" "summaryRprof" 
"unique.default" "FUN" "lapply" "summaryRprof" 
"strsplit" "summaryRprof" 
"strsplit" "summaryRprof" 
"FUN" "lapply" "summaryRprof" 
"strsplit" "summaryRprof" 
"lapply" "sapply" "summaryRprof" 
"readLines" "summaryRprof" 
"strsplit" "summaryRprof" 
"is.factor" "unique.default" "FUN" "lapply" "summaryRprof" 
"readLines" "summaryRprof" 
"strsplit" "summaryRprof" 
"unique.default" "FUN" "lapply" "summaryRprof" 
"strsplit" "summaryRprof" 
"strsplit" "summaryRprof" 
"unlist" "summaryRprof" 
"strsplit" "summaryRprof" 
"lapply" "summaryRprof" 
"strsplit" "summaryRprof" 
"strsplit" "summaryRprof" 
"FUN" "lapply" "summaryRprof" 
"strsplit" "summaryRprof" 
"lapply" "sapply" "summaryRprof" 
"readLines" "summaryRprof" 
"strsplit" "summaryRprof" 
"lapply" "summaryRprof" 
"strsplit" "summaryRprof" 
"lapply" "sapply" "summaryRprof" 
"readLines" "summaryRprof" 
"strsplit" "summaryRprof" 
"unique.default" "FUN" "lapply" "summaryRprof" 
"strsplit" "summaryRprof" 
"strsplit" "summaryRprof" 
"unique.default" "unique" "factor" "table" "summaryRprof" 
"strsplit" "summaryRprof" 
"lapply" "summaryRprof" 
"strsplit" "summaryRprof" 
"strsplit" "summaryRprof" 
"unique.default" "FUN" "lapply" "summaryRprof" 
"strsplit" "summaryRprof" 
"lapply" "summaryRprof" 
"readLines" "summaryRprof" 
"strsplit" "summaryRprof" 
"unique.default" "FUN" "lapply" "summaryRprof" 
"strsplit" "summaryRprof" 
"strsplit" "summaryRprof" 
"FUN" "lapply" "summaryRprof" 
"strsplit" "summaryRprof" 
"FUN" "lapply" "summaryRprof" 
"strsplit" "summaryRprof" 
"strsplit" "summaryRprof" 
"lapply" "summaryRprof" 
"strsplit" "summaryRprof" 
"strsplit" "summaryRprof" 
"readLines" "summaryRprof" 
"strsplit" "summaryRprof" 
"FUN" "lapply" "summaryRprof" 
"strsplit" "summaryRprof" 
"strsplit" "summaryRprof" 
"FUN" "lapply" "summaryRprof" 
"readLines" "summaryRprof" 
"strsplit" "summaryRprof" 
"is.factor" "unique.default" "FUN" "lapply" "summaryRprof" 
"readLines" "summaryRprof" 
"strsplit" "summaryRprof" 
"unique.default" "FUN" "lapply" "summaryRprof" 
"strsplit" "summaryRprof" 
"strsplit" "summaryRprof" 
"unique.default" "unique" "factor" "table" "summaryRprof" 
"strsplit" "summaryRprof" 
"unique.default" "FUN" "lapply" "summaryRprof" 
"strsplit" "summaryRprof" 
"strsplit" "summaryRprof" 
"FUN" "lapply" "summaryRprof" 
"strsplit" "summaryRprof" 
"strsplit" "summaryRprof" 
"order" "factor" "table" "summaryRprof" 
"strsplit" "summaryRprof" 
"lapply" "summaryRprof" 
"strsplit" "summaryRprof" 
"strsplit" "summaryRprof" 
"unique.default" "FUN" "lapply" "summaryRprof" 
"strsplit" "summaryRprof" 
"strsplit" "summaryRprof" 
"readLines" "summaryRprof" 
"strsplit" "summaryRprof" 
"unique.default" "FUN" "lapply" "summaryRprof" 
"strsplit" "summaryRprof" 
"strsplit" "summaryRprof" 
"unique.default" "FUN" "lapply" "summaryRprof" 
"strsplit" "summaryRprof" 
"strsplit" "summaryRprof" 
"readLines" "summaryRprof" 
"strsplit" "summaryRprof" 
"is.factor" "unique.default" "FUN" "lapply" "summaryRprof" 
"strsplit" "summaryRprof" 
"strsplit" "summaryRprof" 
"FUN" "lapply" "summaryRprof" 
"strsplit" "summaryRprof" 
"strsplit" "summaryRprof" 
"is.factor" "unique.default" "FUN" "lapply" "summaryRprof" 
"strsplit" "summaryRprof" 
"lapply" "sapply" "summaryRprof" 
"sort.int" "sort.default" "sort" "rowsum.default" "rowsum" "summaryRprof" 
"strsplit" "summaryRprof" 
"unique.default" "FUN" "lapply" "summaryRprof" 
"strsplit" "summaryRprof" 
"strsplit" "summaryRprof" 
"FUN" "lapply" "summaryRprof" 
"strsplit" "summaryRprof" 
"lapply" "summaryRprof" 
"FUN" "lapply" "summaryRprof" 
"strsplit" "summaryRprof" 
"strsplit" "summaryRprof" 
"lengths" "summaryRprof" 
"strsplit" "summaryRprof" 
"unique.default" "FUN" "lapply" "summaryRprof" 
"readLines" "summaryRprof" 
"strsplit" "summaryRprof" 
"unique.default" "FUN" "lapply" "summaryRprof" 
"strsplit" "summaryRprof" 
"strsplit" "summaryRprof" 
"FUN" "lapply" "summaryRprof" 
"strsplit" "summaryRprof" 
"lapply" "summaryRprof" 
"strsplit" "summaryRprof" 
"strsplit" "summaryRprof" 
"unique.default" "FUN" "lapply" "summaryRprof" 
"strsplit" "summaryRprof" 
"strsplit" "summaryRprof" 
"readLines" "summaryRprof" 
"strsplit" "summaryRprof" 
"FUN" "lapply" "summaryRprof" 
"strsplit" "summaryRprof" 
"strsplit" "summaryRprof" 
"factor" "table" "summaryRprof" 
"strsplit" "summaryRprof" 
"is.factor" "unique.default" "FUN" "lapply" "summaryRprof" 
"strsplit" "summaryRprof" 
"strsplit" "summaryRprof" 
"FUN" "lapply" "summaryRprof" 
"strsplit" "summaryRprof" 
"lapply" "sapply" "summaryRprof" 
"table" "summaryRprof" 
"strsplit" "summaryRprof" 
"FUN" "lapply" "summaryRprof" 
"strsplit" "summaryRprof" 
"strsplit" "summaryRprof" 
"is.factor" "unique.default" "FUN" "lapply" "summaryRprof" 
"strsplit" "summaryRprof" 
"unique.default" "unique" "simplify2array" "sapply" "summaryRprof" 
"strsplit" "summaryRprof" 
"strsplit" "summaryRprof" 
"unique.default" "FUN" "lapply" "summaryRprof" 
"strsplit" "summaryRprof" 
"strsplit" "summaryRprof" 
"readLines" "summaryRprof" 
"strsplit" "summaryRprof" 
"FUN" "lapply" "summaryRprof" 
"strsplit" "summaryRprof" 
"strsplit" "summaryRprof" 
"unique.default" "FUN" "lapply" "summaryRprof" 
"strsplit" "summaryRprof" 
"unique.default" "FUN" "lapply" "summaryRprof" 
"readLines" "summaryRprof" 
"strsplit" "summaryRprof" 
"unique.default" "FUN" "lapply" "summaryRprof" 
"strsplit" "summaryRprof" 
"strsplit" "summaryRprof" 
"lapply" "summaryRprof" 
"strsplit" "summaryRprof" 
"lapply" "summaryRprof" 
"readLines" "summaryRprof" 
"strsplit" "summaryRprof" 
"FUN" "lapply" "summaryRprof" 
"strsplit" "summaryRprof" 
"strsplit" "summaryRprof" 
"factor" "table" "summaryRprof" 
"strsplit" "summaryRprof" 
"FUN" "lapply" "summaryRprof" 
"strsplit" "summaryRprof" 
"strsplit" "summaryRprof" 
"is.factor" "unique.default" "FUN" "lapply" "summaryRprof" 
"strsplit" "summaryRprof" 
"lapply" "sapply" "summaryRprof" 
"lapply" "summaryRprof" 
"strsplit" "summaryRprof" 
"strsplit" "summaryRprof" 
"FUN" "lapply" "summaryRprof" 
"strsplit" "summaryRprof" 
"lapply" "sapply" "summaryRprof" 
"table" "summaryRprof" 
"strsplit" "summaryRprof" 
"unique.default" "FUN" "lapply" "summaryRprof" 
"readLines" "summaryRprof" 
"strsplit" "summaryRprof" 
"lapply" "summaryRprof" 
"strsplit" "summaryRprof" 
"strsplit" "summaryRprof" 
"factor" "table" "summaryRprof" 
"strsplit" "summaryRprof" 
"FUN" "lapply" "summaryRprof" 
"strsplit" "summaryRprof" 
"strsplit" "summaryRprof" 
"FUN" "lapply" "summaryRprof" 
"strsplit" "summaryRprof" 
"lapply" "sapply" "summaryRprof" 
"table" "summaryRprof" 
"strsplit" "summaryRprof" 
"FUN" "lapply" "summaryRprof" 
"strsplit" "summaryRprof" 
"strsplit" "summaryRprof" 
"FUN" "lapply" "summaryRprof" 
"strsplit" "summaryRprof" 
"strsplit" "summaryRprof" 
"unique.default" "FUN" "lapply" "summaryRprof" 
"strsplit" "summaryRprof" 
"strsplit" "summaryRprof" 
"unique.default" "unique" "factor" "table" "summaryRprof" 
"strsplit" "summaryRprof" 
"FUN" "lapply" "summaryRprof" 
"strsplit" "summaryRprof" 
"strsplit" "summaryRprof" 
"unique.default" "FUN" "lapply" "summaryRprof" 
"strsplit" "summaryRprof" 
"strsplit" "summaryRprof" 
"readLines" "summaryRprof" 
"strsplit" "summaryRprof" 
"is.factor" "unique.default" "FUN" "lapply" "summaryRprof" 
"strsplit" "summaryRprof" 
"strsplit" "summaryRprof" 
"factor" "table" "summaryRprof" 
"strsplit" "summaryRprof" 
"lapply" "summaryRprof" 
"readLines" "summaryRprof" 
"strsplit" "summaryRprof" 
"lapply" "summaryRprof" 
"strsplit" "summaryRprof" 
"strsplit" "summaryRprof" 
"table" "summaryRprof" 
"strsplit" "summaryRprof" 
"FUN" "lapply" "summaryRprof" 
"strsplit" "summaryRprof" 
"strsplit" "summaryRprof" 
"FUN" "lapply" "summaryRprof" 
"strsplit" "summaryRprof" 
"strsplit" "summaryRprof" 
"readLines" "summaryRprof" 
"strsplit" "summaryRprof" 
"unique.default" "FUN" "lapply" "summaryRprof" 
"strsplit" "summaryRprof" 
"strsplit" "summaryRprof" 
"unique" "factor" "table" "summaryRprof" 
"strsplit" "summaryRprof" 
"strsplit" "summaryRprof" 
"readLines" "summaryRprof" 
"strsplit" "summaryRprof" 
"unique.default" "FUN" "lapply" "summaryRprof" 
"strsplit" "summaryRprof" 
"strsplit" "summaryRprof" 
"tabulate" "array" "table" "summaryRprof" 
"strsplit" "summaryRprof" 
"FUN" "lapply" "summaryRprof" 
"strsplit" "summaryRprof" 
"strsplit" "summaryRprof" 
"is.factor" "unique.default" "FUN" "lapply" "summaryRprof" 
"strsplit" "summaryRprof" 
"strsplit" "summaryRprof" 
"order" "factor" "table" "summaryRprof" 
"strsplit" "summaryRprof" 
"lapply" "summaryRprof" 
"print.default" "print" "print.data.frame" "<Anonymous>" 
"print.default" "print" "print.data.frame" "<Anonymous>" 
"save" 
"save" 
"save" 
"save" 
"save" 
"save" 
"save" 
"save" 
"save" 
"save" 
"save" 
"save" 
"save" 
"save" 
"save" 
"save" 
"save" 
"save" 
"save" 
"save" 
"save" 
"save" 
"save" 
"save" 
"save" 
"save" 
"save" 
"save" 
"save" 
"save" 
"save" 
"save" 
"save" 
"save" 
"save" 
"save" 
"save" 
"save" 
"save" 
"save" 
"save" 
"save" 
"save" 
"save" 
"save" 
"save" 
"save" 
"save" 
"save" 
"save" 
"save" 
"save" 
"save" 
"save" 
"save" 
"save" 
"save" 
"save" 
"save" 
"save" 
"save" 
"save" 
"save" 
"save" 
"save" 
"save" 
"save" 
"save" 
"save" 
"save" 
"save" 
"save" 
"save" 
"save" 
"save" 
"save" 
"save" 
"save" 
"save" 
"save" 
"save" 
"save" 
"save" 
"save" 
"save" 
"save" 
"save" 
"save" 
"save" 
"save" 
"save" 
"save" 
"save" 
"save" 
"save" 
"save" 
"save" 
"save" 
"save" 
"save" 
"save" 
"save" 
"save" 
"save" 
"save" 
"save" 
"save" 
"save" 
"save" 
"save" 
"save" 
"save" 
"save" 
"save" 
"save" 
"save" 
"save" 
"save" 
"save" 
"save" 
"save" 
"save" 
"save" 
"save" 
"save" 
"save" 
"save" 
"save" 
"save" 
"save" 
"save" 
"save" 
"save" 
"save" 
"save" 
"save" 
"save" 
"save" 
"save" 
"save" 
"save" 
"save" 
"save" 
"save" 
"save" 
"save" 
"save" 
"save" 
"save" 
"save" 
"save" 
"save" 
"save" 
"save" 
"save" 
"save" 
"save" 
"save" 
"save" 
"save" 
"save" 
"save" 
"save" 
"save" 
"save" 
"save" 
"save" 
"save" 
"save" 
"save" 
"save" 
"save" 
"save" 
"save" 
"save" 
"save" 
"save" 
"save" 
"save" 
"save" 
"save" 
"save" 
"save" 
"save" 
"save" 
"save" 
"save" 
"save" 
"save" 
"save" 
"save" 
"save" 
"save" 
"save" 
"save" 
"save" 
"save" 
"save" 
"save" 
"save" 
"save" 
"save" 
"save" 
"save" 
"save" 
"save" 
"save" 
"save" 
"save" 
"save" 
"save" 
"save" 
"save" 
"save" 
"save" 
"save" 
"save" 
"save" 
"save" 
"save" 
"load" 
"load" 
"load" 
"load" 
"load" 
"load" 
"load" 
"load" 
"load" 
"load" 
"load" 
"load" 
"load" 
"load" 
"load" 
"load" 
"load" 
"load" 
"load" 
"load" 
"load" 
"load" 
"load" 
"load" 
"load" 
"load" 
"load" 
"load" 
"load" 
"load" 
"load" 
"load" 
"load" 
"load" 
"load" 
"load" 
"load" 
"load" 
"load" 
"load" 
"load" 
"load" 
"load" 
"load" 
"load" 
"load" 
"load" 
"load" 
"load" 
"load" 
"load" 
"load" 
"load" 
"load" 
"load" 
"load" 
"FUN" "lapply" "do.call" "strSub" "str.default" "str" "doTryCatch" "tryCatchOne" "tryCatchList" "tryCatch" "try" "eval" "eval" "withVisible" "evalVis" "capture.output" "doTryCatch" "tryCatchOne" "tryCatchList" "tryCatch" ".rs.withTimeLimit" ".rs.valueFromStr" "doTryCatch" "tryCatchOne" "tryCatchList" "tryCatch" ".rs.valueContents" "<Anonymous>" 
"cb$setcurexpr" "cmpCall" "cmp" "cmpDispatch" "h" "tryInline" "cmpCall" "cmp" "genCode" "cb$putconst" "cmpCallArgs" "cmpCallSymFun" "cmpCall" "cmp" "genCode" "cb$putconst" "cmpCallArgs" "cmpCallSymFun" "cmpCall" "cmp" "cmpComplexAssign" "h" "tryInline" "cmpCall" "cmp" "h" "tryInline" "cmpCall" "cmp" "cmpForBody" "h" "tryInline" "cmpCall" "cmp" "genCode" "compile" "doTryCatch" "tryCatchOne" "tryCatchList" "tryCatch" "compiler:::tryCompile" 
"is.na" "mean.default" "mean" ".performance" "FUN" "lapply" "FUN" "lapply" "simsum" 
"is.na" "median.default" "stats::median" ".performance" "FUN" "lapply" "FUN" "lapply" "simsum" 
"median.default" "stats::median" ".performance" "FUN" "lapply" "FUN" "lapply" "simsum" 
"is.data.frame" "stats::var" ".performance" "FUN" "lapply" "FUN" "lapply" "simsum" 
"sum" ".performance" "FUN" "lapply" "FUN" "lapply" "simsum" 
".performance" "FUN" "lapply" "FUN" "lapply" "simsum" 
"simsum" 
"sort.int" "sort.default" "sort" "mean" "median.default" "stats::median" ".performance" "FUN" "lapply" "FUN" "lapply" "simsum" 
"stats::var" ".performance" "FUN" "lapply" "FUN" "lapply" "simsum" 
"is.na" "mean.default" "mean" ".performance" "FUN" "lapply" "FUN" "lapply" "simsum" 
"is.na" ".na_pair" "simsum" 
"sort.int" "sort.default" "sort" "mean" "median.default" "stats::median" ".performance" "FUN" "lapply" "FUN" "lapply" "simsum" 
"stats::var" ".performance" "FUN" "lapply" "FUN" "lapply" "simsum" 
"mean.default" "mean" ".performance" "FUN" "lapply" "FUN" "lapply" "simsum" 
"as.vector" "as.data.frame.matrix" "as.data.frame" "data.frame" "isTRUE" "%and%" "checkDataFrame" "checkmate::assert_data_frame" "simsum" 
"median.default" "stats::median" ".performance" "FUN" "lapply" "FUN" "lapply" "simsum" 
"sort.int" "sort.default" "sort" "mean" "median.default" "stats::median" ".performance" "FUN" "lapply" "FUN" "lapply" "simsum" 
"mean" ".performance" "FUN" "lapply" "FUN" "lapply" "simsum" 
"mode" "%in%" "deparse" "paste" "as.data.frame.character" "as.data.frame" "<Anonymous>" "do.call" "as.data.frame.list" "as.data.frame" ".performance" "FUN" "lapply" "FUN" "lapply" "simsum" 
"sort.int" "sort.default" "sort" "mean" "median.default" "stats::median" ".performance" "FUN" "lapply" "FUN" "lapply" "simsum" 
"median.default" "stats::median" ".performance" "FUN" "lapply" "FUN" "lapply" "simsum" 
"mean.default" "mean" ".performance" "FUN" "lapply" "FUN" "lapply" "simsum" 
"is.na" ".na_pair" "simsum" 
"sort.int" "sort.default" "sort" "mean" "median.default" "stats::median" ".performance" "FUN" "lapply" "FUN" "lapply" "simsum" 
"sort.int" "sort.default" "sort" "mean" "median.default" "stats::median" ".performance" "FUN" "lapply" "FUN" "lapply" "simsum" 
".performance" "FUN" "lapply" "FUN" "lapply" "simsum" 
".performance" "FUN" "lapply" "FUN" "lapply" "simsum" 
"is.data.frame" "stats::var" ".performance" "FUN" "lapply" "FUN" "lapply" "simsum" 
"mean.default" "mean" ".performance" "FUN" "lapply" "FUN" "lapply" "simsum" 
"get0" "getExportedValue" "::" ".performance" "FUN" "lapply" "FUN" "lapply" "simsum" 
"mean.default" "mean" ".performance" "FUN" "lapply" "FUN" "lapply" "simsum" 
"mean.default" "mean" ".performance" "FUN" "lapply" "FUN" "lapply" "simsum" 
".performance" "FUN" "lapply" "FUN" "lapply" "simsum" 
"sys.call" "%in%" "[[.data.frame" "[[" "mean" ".performance" "FUN" "lapply" "FUN" "lapply" "simsum" 
"median.default" "stats::median" ".performance" "FUN" "lapply" "FUN" "lapply" "simsum" 
"stats::var" ".performance" "FUN" "lapply" "FUN" "lapply" "simsum" 
"get" "getExportedValue" "::" "str.default" "str" "<Anonymous>" "do.call" "strSub" "str.default" "str" "<Anonymous>" "do.call" "strSub" "str.default" "str" "doTryCatch" "tryCatchOne" "tryCatchList" "tryCatch" "try" "eval" "eval" "withVisible" "evalVis" "capture.output" "doTryCatch" "tryCatchOne" "tryCatchList" "tryCatch" ".rs.withTimeLimit" ".rs.valueFromStr" "doTryCatch" "tryCatchOne" "tryCatchList" "tryCatch" ".rs.valueContents" "<Anonymous>" 
"FUN" "lapply" "strSub" "str.default" "NextMethod" "str.data.frame" "str" "<Anonymous>" "do.call" "strSub" "str.default" "str" "<Anonymous>" "do.call" "strSub" "str.default" "str" "doTryCatch" "tryCatchOne" "tryCatchList" "tryCatch" "try" "eval" "eval" "withVisible" "evalVis" "capture.output" "doTryCatch" "tryCatchOne" "tryCatchList" "tryCatch" ".rs.withTimeLimit" ".rs.valueFromStr" "doTryCatch" "tryCatchOne" "tryCatchList" "tryCatch" ".rs.valueContents" "<Anonymous>" 
"str" "<Anonymous>" "do.call" "strSub" "str.default" "str" "<Anonymous>" "do.call" "strSub" "str.default" "str" "doTryCatch" "tryCatchOne" "tryCatchList" "tryCatch" "try" "eval" "eval" "withVisible" "evalVis" "capture.output" "doTryCatch" "tryCatchOne" "tryCatchList" "tryCatch" ".rs.withTimeLimit" ".rs.valueFromStr" "doTryCatch" "tryCatchOne" "tryCatchList" "tryCatch" ".rs.valueContents" "<Anonymous>" 
"str.default" "str" "<Anonymous>" "do.call" "strSub" "str.default" "str" "<Anonymous>" "do.call" "strSub" "str.default" "str" "<Anonymous>" "do.call" "strSub" "str.default" "str" "doTryCatch" "tryCatchOne" "tryCatchList" "tryCatch" "try" "eval" "eval" "withVisible" "evalVis" "capture.output" "doTryCatch" "tryCatchOne" "tryCatchList" "tryCatch" ".rs.withTimeLimit" ".rs.valueFromStr" "doTryCatch" "tryCatchOne" "tryCatchList" "tryCatch" ".rs.valueContents" "<Anonymous>" 
"%in%" "str.default" "str" "<Anonymous>" "do.call" "strSub" "str.default" "str" "<Anonymous>" "do.call" "strSub" "str.default" "str" "doTryCatch" "tryCatchOne" "tryCatchList" "tryCatch" "try" "eval" "eval" "withVisible" "evalVis" "capture.output" "doTryCatch" "tryCatchOne" "tryCatchList" "tryCatch" ".rs.withTimeLimit" ".rs.valueFromStr" "doTryCatch" "tryCatchOne" "tryCatchList" "tryCatch" ".rs.valueContents" "<Anonymous>" 
"str.default" "str" "<Anonymous>" "do.call" "strSub" "str.default" "str" "<Anonymous>" "do.call" "strSub" "str.default" "str" "<Anonymous>" "do.call" "strSub" "str.default" "str" "doTryCatch" "tryCatchOne" "tryCatchList" "tryCatch" "try" "eval" "eval" "withVisible" "evalVis" "capture.output" "doTryCatch" "tryCatchOne" "tryCatchList" "tryCatch" ".rs.withTimeLimit" ".rs.valueFromStr" "doTryCatch" "tryCatchOne" "tryCatchList" "tryCatch" ".rs.valueContents" "<Anonymous>" 
"str.default" "str" "<Anonymous>" "do.call" "strSub" "str.default" "str" "<Anonymous>" "do.call" "strSub" "str.default" "str" "<Anonymous>" "do.call" "strSub" "str.default" "str" "doTryCatch" "tryCatchOne" "tryCatchList" "tryCatch" "try" "eval" "eval" "withVisible" "evalVis" "capture.output" "doTryCatch" "tryCatchOne" "tryCatchList" "tryCatch" ".rs.withTimeLimit" ".rs.valueFromStr" "doTryCatch" "tryCatchOne" "tryCatchList" "tryCatch" ".rs.valueContents" "<Anonymous>" 
"cat" "str.default" "str" "<Anonymous>" "do.call" "strSub" "str.default" "str" "<Anonymous>" "do.call" "strSub" "str.default" "str" "<Anonymous>" "do.call" "strSub" "str.default" "str" "doTryCatch" "tryCatchOne" "tryCatchList" "tryCatch" "try" "eval" "eval" "withVisible" "evalVis" "capture.output" "doTryCatch" "tryCatchOne" "tryCatchList" "tryCatch" ".rs.withTimeLimit" ".rs.valueFromStr" "doTryCatch" "tryCatchOne" "tryCatchList" "tryCatch" ".rs.valueContents" "<Anonymous>" 
"as.environment" "exists" "str.default" "str" "<Anonymous>" "do.call" "strSub" "str.default" "str" "<Anonymous>" "do.call" "strSub" "str.default" "str" "<Anonymous>" "do.call" "strSub" "str.default" "str" "doTryCatch" "tryCatchOne" "tryCatchList" "tryCatch" "try" "eval" "eval" "withVisible" "evalVis" "capture.output" "doTryCatch" "tryCatchOne" "tryCatchList" "tryCatch" ".rs.withTimeLimit" ".rs.valueFromStr" "doTryCatch" "tryCatchOne" "tryCatchList" "tryCatch" ".rs.valueContents" "<Anonymous>" 
"cat" "str.default" "str" "<Anonymous>" "do.call" "strSub" "str.default" "str" "<Anonymous>" "do.call" "strSub" "str.default" "str" "<Anonymous>" "do.call" "strSub" "str.default" "str" "doTryCatch" "tryCatchOne" "tryCatchList" "tryCatch" "try" "eval" "eval" "withVisible" "evalVis" "capture.output" "doTryCatch" "tryCatchOne" "tryCatchList" "tryCatch" ".rs.withTimeLimit" ".rs.valueFromStr" "doTryCatch" "tryCatchOne" "tryCatchList" "tryCatch" ".rs.valueContents" "<Anonymous>" 
"FUN" "lapply" "strSub" "str.default" "NextMethod" "str.data.frame" "str" "<Anonymous>" "do.call" "strSub" "str.default" "str" "<Anonymous>" "do.call" "strSub" "str.default" "str" "doTryCatch" "tryCatchOne" "tryCatchList" "tryCatch" "try" "eval" "eval" "withVisible" "evalVis" "capture.output" "doTryCatch" "tryCatchOne" "tryCatchList" "tryCatch" ".rs.withTimeLimit" ".rs.valueFromStr" "doTryCatch" "tryCatchOne" "tryCatchList" "tryCatch" ".rs.valueContents" "<Anonymous>" 
"getExportedValue" "::" "str.default" "str" "<Anonymous>" "do.call" "strSub" "str.default" "NextMethod" "str.data.frame" "str" "<Anonymous>" "do.call" "strSub" "str.default" "str" "<Anonymous>" "do.call" "strSub" "str.default" "str" "doTryCatch" "tryCatchOne" "tryCatchList" "tryCatch" "try" "eval" "eval" "withVisible" "evalVis" "capture.output" "doTryCatch" "tryCatchOne" "tryCatchList" "tryCatch" ".rs.withTimeLimit" ".rs.valueFromStr" "doTryCatch" "tryCatchOne" "tryCatchList" "tryCatch" ".rs.valueContents" "<Anonymous>" 
"append" "FUN" "lapply" "FUN" "lapply" "findLocalsList1" "findLocalsList" "funEnv" "make.functionContext" "cmpfun" "doTryCatch" "tryCatchOne" "tryCatchList" "tryCatch" "compiler:::tryCmpfun" "create.data.frame.for.plotting" 
"anyDuplicated" "namespaceImportFrom" "namespaceImport" "loadNamespace" "asNamespace" "namespaceImportFrom" "loadNamespace" "doTryCatch" "tryCatchOne" "tryCatchList" "tryCatch" "<Anonymous>" 
"super" "fetch_ggproto" "fetch_ggproto" "$.ggproto" "$" "environment" "formals" "ggproto_formals" "f" "stat$parameters" "as.vector" "intersect" "layer" "geom_blank" "expand_limits" 
"paste0" "lifecycle_validate_message" "signal_soft_deprecated" "[[.quosure" "[[" "vapply" "FUN" "vapply" "is_calculated_aes" "f" "l$compute_aesthetics" "f" "by_layer" "ggplot_build.ggplot" "ggplot_build" "print.ggplot" "<Anonymous>" 
"[[.data.frame" "[[" "f" "self$train" "f" "scale$train_df" "FUN" "lapply" "FUN" "lapply" "ggplot_build.ggplot" "ggplot_build" "print.ggplot" "<Anonymous>" 
"findCenvVar" "getInlineInfo" "isBaseVar" "getFoldFun" "constantFoldCall" "constantFold" "cmp" "cmpSymbolAssign" "h" "tryInline" "cmpCall" "cmp" "h" "tryInline" "cmpCall" "cmp" "genCode" "cmpfun" "doTryCatch" "tryCatchOne" "tryCatchList" "tryCatch" "compiler:::tryCmpfun" "f" "<Anonymous>" "do.call" "FUN" "lapply" "f" "<Anonymous>" "f" "l$draw_geom" "<Anonymous>" "mapply" "Map" "ggplot_gtable.ggplot_built" "ggplot_gtable" "print.ggplot" "<Anonymous>" 
"$" "findCenvVar" "getInlineInfo" "tryInline" "cmpCall" "cmp" "cmpSubsetDispatch" "h" "tryInline" "cmpCall" "cmp" "genCode" "cb$putconst" "cmpCallArgs" "cmpCallSymFun" "cmpCall" "cmp" "genCode" "cb$putconst" "cmpCallArgs" "cmpCallSymFun" "cmpCall" "cmp" "h" "tryInline" "cmpCall" "cmp" "h" "tryInline" "cmpCall" "cmp" "h" "tryInline" "cmpCall" "cmp" "genCode" "cmpfun" "doTryCatch" "tryCatchOne" "tryCatchList" "tryCatch" "compiler:::tryCmpfun" "f" "<Anonymous>" "do.call" "FUN" "lapply" "f" "<Anonymous>" "f" "l$draw_geom" "<Anonymous>" "mapply" "Map" "ggplot_gtable.ggplot_built" "ggplot_gtable" "print.ggplot" "<Anonymous>" 
"grid.Call" "descentDetails.text" "<Anonymous>" "grid.Call" "convertUnit" "convertHeight" "FUN" "lapply" "font_descent" "title_spec" "titleGrob" "element_grob.element_text" "element_grob" "element_render" "guide_axis" "render_axis" "f" "coord$render_axis_h" "f" "<Anonymous>" "f" "layout$render" "ggplot_gtable.ggplot_built" "ggplot_gtable" "print.ggplot" "<Anonymous>" 
"new_data_frame" "find_panel" "f" "<Anonymous>" "f" "layout$render" "ggplot_gtable.ggplot_built" "ggplot_gtable" "print.ggplot" "<Anonymous>" 
"structure" "valid.unit" "unit" "rectGrob" "element_grob.element_rect" "element_grob" "element_render" "guide_gengrob.legend" "FUN" "lapply" "guides_gengrob" "build_guides" "ggplot_gtable.ggplot_built" "ggplot_gtable" "print.ggplot" "<Anonymous>" 
"grid.Call.graphics" "push.vp.viewport" "FUN" "lapply" "pushViewport" "pushgrobvp.viewport" "pushgrobvp" "pushvpgp" "preDraw.grob" "preDraw" "drawGrob" "recordGraphics" "grid.draw.grob" "grid.draw" "drawGTree" "recordGraphics" "grid.draw.gTree" "grid.draw" "print.ggplot" "<Anonymous>" 
"order" "do.call" "setChildren" "makeContent.gtable" "makeContent" "drawGTree" "recordGraphics" "grid.draw.gTree" "grid.draw" "drawGTree" "recordGraphics" "grid.draw.gTree" "grid.draw" "drawGTree" "recordGraphics" "grid.draw.gTree" "grid.draw" "print.ggplot" "<Anonymous>" 
"save" "<Anonymous>" 
"save" "<Anonymous>" 
"save" "<Anonymous>" 
"save" "<Anonymous>" 
"save" "<Anonymous>" 
".Call" "doTryCatch" "tryCatchOne" "tryCatchList" "tryCatch" "<Anonymous>" 
"paste" "as.character.path" "as.character" "as.character" "strsplit" "unlist" "[.vpPath" "[" "upViewport" "popgrobvp.viewport" "popgrobvp" "postDraw.grob" "<Anonymous>" "grid.Call.graphics" "push.vp.viewport" "FUN" "lapply" "pushViewport" "pushgrobvp.viewport" "pushgrobvp" "pushvpgp" "preDraw.gTree" "preDraw" "drawGTree" ".Call" "doTryCatch" "tryCatchOne" "tryCatchList" "tryCatch" "<Anonymous>" 
"$" "drawDetails.polyline" "drawDetails" "drawGrob" "recordGraphics" "grid.draw.grob" "grid.draw" "drawGTree" "recordGraphics" "grid.draw.gTree" "grid.draw" "drawGTree" "recordGraphics" "grid.draw.gTree" "NextMethod" "grid.draw.absoluteGrob" "grid.draw" "drawGTree" ".Call" "doTryCatch" "tryCatchOne" "tryCatchList" "tryCatch" "<Anonymous>" 
"grid.Call" "heightDetails.text" "heightDetails" "<Anonymous>" "grid.Call.graphics" "push.vp.viewport" "push.vp" "push.vp.vpTree" "FUN" "lapply" "pushViewport" "pushgrobvp.viewport" "pushgrobvp" "pushvpgp" "preDraw.gTree" "preDraw" "drawGTree" "recordGraphics" "grid.draw.gTree" "grid.draw" "drawGTree" "recordGraphics" "grid.draw.gTree" "grid.draw" "drawGTree" "recordGraphics" "grid.draw.gTree" "grid.draw" "drawGTree" "recordGraphics" "grid.draw.gTree" "grid.draw" "drawGTree" ".Call" "doTryCatch" "tryCatchOne" "tryCatchList" "tryCatch" "<Anonymous>" 
".Call" "doTryCatch" "tryCatchOne" "tryCatchList" "tryCatch" "<Anonymous>" 
"depth" "upViewport" "popgrobvp.viewport" "popgrobvp" "postDraw.grob" "postDraw" "drawGrob" "recordGraphics" "grid.draw.grob" "grid.draw" "drawGTree" ".Call" "doTryCatch" "tryCatchOne" "tryCatchList" "tryCatch" "<Anonymous>" 
"dontCheck" "grid.Call" "grid.Call.graphics" "upViewport" "popgrobvp.viewport" "popgrobvp" "postDraw.grob" "<Anonymous>" "grid.Call.graphics" "push.vp.viewport" "FUN" "lapply" "push.vp.vpStack" "FUN" "lapply" "pushViewport" "pushgrobvp.viewport" "pushgrobvp" "pushvpgp" "preDraw.gTree" "preDraw" "drawGTree" "recordGraphics" "grid.draw.gTree" "grid.draw" "drawGTree" "recordGraphics" "grid.draw.gTree" "grid.draw" "drawGTree" "recordGraphics" "grid.draw.gTree" "grid.draw" "drawGTree" ".Call" "doTryCatch" "tryCatchOne" "tryCatchList" "tryCatch" "<Anonymous>" 
"find_super" "ggproto" "coord_cartesian" "structure" "ggplot.default" "ggplot" 
"grid.newpage" "print.ggplot" "<Anonymous>" 
"FUN" "lapply" "f" "l$compute_aesthetics" "f" "by_layer" "ggplot_build.ggplot" "ggplot_build" "print.ggplot" "<Anonymous>" 
"make_proto_method" "$.ggproto" "$" "f" "<Anonymous>" "FUN" "lapply" "FUN" "lapply" "scale_apply" "FUN" "lapply" "f" "layout$map_position" "ggplot_build.ggplot" "ggplot_build" "print.ggplot" "<Anonymous>" 
"as.list" "lapply" "sapply" "valid.data" "structure" "valid.unit" "unit" "is.unit" "viewport" "add_margins" "titleGrob" "element_grob.element_text" "element_grob" "element_render" "FUN" "lapply" "FUN" "lapply" "f" "self$render_labels" "f" "layout$render" "ggplot_gtable.ggplot_built" "ggplot_gtable" "print.ggplot" "<Anonymous>" 
"vpPathFromVector" "[.vpPath" "[" "upViewport" "popgrobvp.viewport" "popgrobvp" "postDraw.grob" "<Anonymous>" "grid.Call" "convertUnit" "convertHeight" "FUN" "vapply" "height_cm" "guide_gengrob.legend" "FUN" "lapply" "guides_gengrob" "build_guides" "ggplot_gtable.ggplot_built" "ggplot_gtable" "print.ggplot" "<Anonymous>" 
"mapply" "makeContent.gtable" "makeContent" "drawGTree" "recordGraphics" "grid.draw.gTree" "grid.draw" "print.ggplot" "<Anonymous>" 
"vpStack" "makeContext.gtable" "NextMethod" "makeContext.gTableChild" "makeContext" "preDraw.gTree" "preDraw" "drawGTree" "recordGraphics" "grid.draw.gTree" "grid.draw" "drawGTree" "recordGraphics" "grid.draw.gTree" "grid.draw" "drawGTree" "recordGraphics" "grid.draw.gTree" "grid.draw" "print.ggplot" "<Anonymous>" 
"save" "<Anonymous>" 
"save" "<Anonymous>" 
"save" "<Anonymous>" 
"save" "<Anonymous>" 
"save" "<Anonymous>" 
"save" "<Anonymous>" 
"stringUnit" "dataUnit" "recycle.data" "lapply" "sapply" "valid.data" "structure" "valid.unit" "unit" "heightDetails.text" "heightDetails" "<Anonymous>" "grid.Call.graphics" "push.vp.viewport" "push.vp" "push.vp.vpTree" "FUN" "lapply" "pushViewport" "pushgrobvp.viewport" "pushgrobvp" "pushvpgp" "preDraw.gTree" "<Anonymous>" "grid.Call.graphics" "push.vp.viewport" "FUN" "lapply" "pushViewport" "pushgrobvp.viewport" "pushgrobvp" "pushvpgp" "preDraw.gTree" "preDraw" "drawGTree" ".Call" "doTryCatch" "tryCatchOne" "tryCatchList" "tryCatch" "<Anonymous>" 
"$" "grid.Call" "widthDetails.text" "widthDetails" "<Anonymous>" "grid.Call.graphics" "push.vp.viewport" "push.vp" "push.vp.vpTree" "FUN" "lapply" "push.vp.vpStack" "FUN" "lapply" "pushViewport" "pushgrobvp.viewport" "pushgrobvp" "pushvpgp" "preDraw.gTree" "preDraw" "drawGTree" "recordGraphics" "grid.draw.gTree" "grid.draw" "drawGTree" ".Call" "doTryCatch" "tryCatchOne" "tryCatchList" "tryCatch" "<Anonymous>" 
"is.grob" "FUN" "lapply" "sapply" "gList" "do.call" "setChildren" "makeContent.gtable" "makeContent" "drawGTree" ".Call" "doTryCatch" "tryCatchOne" "tryCatchList" "tryCatch" "<Anonymous>" 
"as.list" "lapply" "sapply" "valid.data" "structure" "valid.unit" "unit" "is.unit" "viewport" "<Anonymous>" "mapply" "makeContent.gtable" "makeContent" "drawGTree" "recordGraphics" "grid.draw.gTree" "grid.draw" "drawGTree" "recordGraphics" "grid.draw.gTree" "grid.draw" "drawGTree" ".Call" "doTryCatch" "tryCatchOne" "tryCatchList" "tryCatch" "<Anonymous>" 
"$<-" "plot_clone" "add_ggplot" "+.gg" "+" 
"%in%" "structure" "waiver" "is.waive" "set_sec_axis" "scale_f" "find_scale" "f" "scales$add" "scales_add_defaults" "f" "l$compute_aesthetics" "f" "by_layer" "ggplot_build.ggplot" "ggplot_build" "print.ggplot" "<Anonymous>" 
"exists" "fetch_ggproto" "$.ggproto" "$" "f" "self$train" "f" "scale$train_df" "FUN" "lapply" "FUN" "lapply" "ggplot_build.ggplot" "ggplot_build" "print.ggplot" "<Anonymous>" 
"[.unit" "[" "unit.c" "add_margins" "titleGrob" "element_grob.element_text" "element_grob" "element_render" "guide_axis" "render_axis" "f" "coord$render_axis_h" "f" "<Anonymous>" "f" "layout$render" "ggplot_gtable.ggplot_built" "ggplot_gtable" "print.ggplot" "<Anonymous>" 
"grid.Call" "widthDetails.text" "widthDetails" "<Anonymous>" "grid.Call.graphics" "push.vp.viewport" "push.vp" "push.vp.vpTree" "FUN" "lapply" "pushViewport" "pushgrobvp.viewport" "pushgrobvp" "pushvpgp" "preDraw.gTree" "<Anonymous>" "grid.Call" "convertUnit" "convertHeight" "FUN" "vapply" "height_cm" "guide_gengrob.legend" "FUN" "lapply" "guides_gengrob" "build_guides" "ggplot_gtable.ggplot_built" "ggplot_gtable" "print.ggplot" "<Anonymous>" 
"unit.c" "insert.unit" "gtable_add_cols" "guides_build" "build_guides" "ggplot_gtable.ggplot_built" "ggplot_gtable" "print.ggplot" "<Anonymous>" 
"grid.Call.graphics" "push.vp.viewport" "FUN" "lapply" "pushViewport" "pushgrobvp.viewport" "pushgrobvp" "pushvpgp" "preDraw.grob" "preDraw" "drawGrob" "recordGraphics" "grid.draw.grob" "grid.draw" "drawGTree" "recordGraphics" "grid.draw.gTree" "grid.draw" "print.ggplot" "<Anonymous>" 
"depth" "upViewport" "popgrobvp.viewport" "popgrobvp" "postDraw.grob" "postDraw" "drawGrob" "recordGraphics" "grid.draw.grob" "grid.draw" "drawGTree" "recordGraphics" "grid.draw.gTree" "grid.draw" "drawGTree" "recordGraphics" "grid.draw.gTree" "grid.draw" "drawGTree" "recordGraphics" "grid.draw.gTree" "grid.draw" "print.ggplot" "<Anonymous>" 
"save" "<Anonymous>" 
"save" "<Anonymous>" 
"save" "<Anonymous>" 
"save" "<Anonymous>" 
"save" "<Anonymous>" 
".Call" "doTryCatch" "tryCatchOne" "tryCatchList" "tryCatch" "<Anonymous>" 
"preDraw" "drawGrob" "recordGraphics" "grid.draw.grob" "grid.draw" "drawGTree" ".Call" "doTryCatch" "tryCatchOne" "tryCatchList" "tryCatch" "<Anonymous>" 
"grid.Call" "heightDetails.text" "heightDetails" "<Anonymous>" "grid.Call.graphics" "push.vp.viewport" "FUN" "lapply" "push.vp.vpStack" "FUN" "lapply" "pushViewport" "pushgrobvp.viewport" "pushgrobvp" "pushvpgp" "preDraw.gTree" "preDraw" "drawGTree" "recordGraphics" "grid.draw.gTree" "grid.draw" "drawGTree" "recordGraphics" "grid.draw.gTree" "grid.draw" "drawGTree" "recordGraphics" "grid.draw.gTree" "grid.draw" "drawGTree" ".Call" "doTryCatch" "tryCatchOne" "tryCatchList" "tryCatch" "<Anonymous>" 
"lapply" "sapply" "[.gList" "[" "setChildren" "makeContent.gtable" "makeContent" "drawGTree" ".Call" "doTryCatch" "tryCatchOne" "tryCatchList" "tryCatch" "<Anonymous>" 
"makeContent.gtable" "makeContent" "drawGTree" "recordGraphics" "grid.draw.gTree" "grid.draw" "drawGTree" ".Call" "doTryCatch" "tryCatchOne" "tryCatchList" "tryCatch" "<Anonymous>" 
"current.vpPath" "upViewport" "popgrobvp.viewport" "popgrobvp" "postDraw.grob" "postDraw" "drawGTree" "recordGraphics" "grid.draw.gTree" "grid.draw" "drawGTree" "recordGraphics" "grid.draw.gTree" "grid.draw" "drawGTree" "recordGraphics" "grid.draw.gTree" "grid.draw" "drawGTree" "recordGraphics" "grid.draw.gTree" "grid.draw" "drawGTree" ".Call" "doTryCatch" "tryCatchOne" "tryCatchList" "tryCatch" "<Anonymous>" 
"grid.newpage" "print.ggplot" "<Anonymous>" 
"%in%" "make_proto_method" "$.ggproto" "$" "f" "layout$train_position" "ggplot_build.ggplot" "ggplot_build" "print.ggplot" "<Anonymous>" 
"make_proto_method" "$.ggproto" "$" "ggplot_build.ggplot" "ggplot_build" "print.ggplot" "<Anonymous>" 
"FUN" "lapply" "sapply" "unit.c" "is.unit" "polylineGrob" "element_grob.element_line" "element_grob" "element_render" "guide_axis" "render_axis" "f" "coord$render_axis_v" "f" "<Anonymous>" "f" "layout$render" "ggplot_gtable.ggplot_built" "ggplot_gtable" "print.ggplot" "<Anonymous>" 
"paste" "grobAutoName" "grobName" "ggname" "element_render" "guide_gengrob.legend" "FUN" "lapply" "guides_gengrob" "build_guides" "ggplot_gtable.ggplot_built" "ggplot_gtable" "print.ggplot" "<Anonymous>" 
"save" "<Anonymous>" "diff.default" "diff" "valid.viewport" "viewport" "<Anonymous>" "mapply" "makeContent.gtable" "makeContent" "drawGTree" "recordGraphics" "grid.draw.gTree" "grid.draw" "print.ggplot" "<Anonymous>" 
"strsplit" "unlist" "vpPathFromVector" "current.vpPath" "upViewport" "popgrobvp.viewport" "popgrobvp" "postDraw.grob" "postDraw" "drawGrob" "recordGraphics" "grid.draw.grob" "grid.draw" "drawGTree" "recordGraphics" "grid.draw.gTree" "grid.draw" "print.ggplot" "<Anonymous>" 
"$" "depth.path" "depth" "[.vpPath" "[" "upViewport" "popgrobvp.viewport" "popgrobvp" "postDraw.grob" "postDraw" "drawGrob" "recordGraphics" "grid.draw.grob" "grid.draw" "drawGTree" "recordGraphics" "grid.draw.gTree" "grid.draw" "drawGTree" "recordGraphics" "grid.draw.gTree" "grid.draw" "drawGTree" "recordGraphics" "grid.draw.gTree" "grid.draw" "print.ggplot" "<Anonymous>" 
"save" "<Anonymous>" 
"save" "<Anonymous>" 
"save" "<Anonymous>" 
"save" "<Anonymous>" 
"save" "<Anonymous>" 
"save" "<Anonymous>" 
".Call" "doTryCatch" "tryCatchOne" "tryCatchList" "tryCatch" "<Anonymous>" 
"push.vp.viewport" "FUN" "lapply" "pushViewport" "pushgrobvp.viewport" "pushgrobvp" "pushvpgp" "preDraw.grob" "preDraw" "drawGrob" "recordGraphics" "grid.draw.grob" "grid.draw" "drawGTree" ".Call" "doTryCatch" "tryCatchOne" "tryCatchList" "tryCatch" "<Anonymous>" 
"set.gpar" "push.vp.viewport" "FUN" "lapply" "push.vp.vpStack" "FUN" "lapply" "pushViewport" "pushgrobvp.viewport" "pushgrobvp" "pushvpgp" "preDraw.gTree" "preDraw" "drawGTree" "recordGraphics" "grid.draw.gTree" "grid.draw" "drawGTree" ".Call" "doTryCatch" "tryCatchOne" "tryCatchList" "tryCatch" "<Anonymous>" 
"$" "set.gpar" "push.vp.viewport" "push.vp" "push.vp.vpList" "push.vp" "push.vp.vpTree" "FUN" "lapply" "pushViewport" "pushgrobvp.viewport" "pushgrobvp" "pushvpgp" "preDraw.gTree" "<Anonymous>" "grid.Call.graphics" "push.vp.viewport" "FUN" "lapply" "push.vp.vpStack" "FUN" "lapply" "pushViewport" "pushgrobvp.viewport" "pushgrobvp" "pushvpgp" "preDraw.gTree" "preDraw" "drawGTree" "recordGraphics" "grid.draw.gTree" "grid.draw" "drawGTree" "recordGraphics" "grid.draw.gTree" "grid.draw" "drawGTree" "recordGraphics" "grid.draw.gTree" "grid.draw" "drawGTree" ".Call" "doTryCatch" "tryCatchOne" "tryCatchList" "tryCatch" "<Anonymous>" 
"grid.Call" "heightDetails.text" "heightDetails" "<Anonymous>" "grid.Call.graphics" "push.vp.viewport" "push.vp" "push.vp.vpTree" "FUN" "lapply" "pushViewport" "pushgrobvp.viewport" "pushgrobvp" "pushvpgp" "preDraw.gTree" "<Anonymous>" "grid.Call.graphics" "push.vp.viewport" "FUN" "lapply" "pushViewport" "pushgrobvp.viewport" "pushgrobvp" "pushvpgp" "preDraw.gTree" "preDraw" "drawGTree" ".Call" "doTryCatch" "tryCatchOne" "tryCatchList" "tryCatch" "<Anonymous>" 
"$<-" "makeContext.gTableChild" "makeContext" "preDraw.grob" "preDraw" "drawGrob" "recordGraphics" "grid.draw.grob" "grid.draw" "drawGTree" ".Call" "doTryCatch" "tryCatchOne" "tryCatchList" "tryCatch" "<Anonymous>" 
"makeContext.gTableChild" "makeContext" "preDraw.grob" "preDraw" "drawGrob" "recordGraphics" "grid.draw.grob" "grid.draw" "drawGTree" "recordGraphics" "grid.draw.gTree" "grid.draw" "drawGTree" "recordGraphics" "grid.draw.gTree" "grid.draw" "drawGTree" ".Call" "doTryCatch" "tryCatchOne" "tryCatchList" "tryCatch" "<Anonymous>" 
"makeContext.gTableChild" "makeContext" "preDraw.grob" "preDraw" "drawGrob" "recordGraphics" "grid.draw.grob" "grid.draw" "drawGTree" "recordGraphics" "grid.draw.gTree" "grid.draw" "drawGTree" "recordGraphics" "grid.draw.gTree" "grid.draw" "drawGTree" ".Call" "doTryCatch" "tryCatchOne" "tryCatchList" "tryCatch" "<Anonymous>" 
"makeContext.gTableChild" "makeContext" "preDraw.grob" "preDraw" "drawGrob" "recordGraphics" "grid.draw.grob" "grid.draw" "drawGTree" "recordGraphics" "grid.draw.gTree" "grid.draw" "drawGTree" "recordGraphics" "grid.draw.gTree" "grid.draw" "drawGTree" ".Call" "doTryCatch" "tryCatchOne" "tryCatchList" "tryCatch" "<Anonymous>" 
"$" "rootVP" "current.vpPath" "upViewport" "popgrobvp.viewport" "popgrobvp" "postDraw.grob" "postDraw" "drawGTree" "recordGraphics" "grid.draw.gTree" "grid.draw" "drawGTree" ".Call" "doTryCatch" "tryCatchOne" "tryCatchList" "tryCatch" "<Anonymous>" 
"grid.newpage" "print.ggplot" "<Anonymous>" 
"format" "<Anonymous>" "f" "self$get_labels" "f" "<Anonymous>" "f" "scale$break_info" "train_cartesian" "f" "<Anonymous>" "<Anonymous>" "mapply" "Map" "f" "layout$setup_panel_params" "ggplot_build.ggplot" "ggplot_build" "print.ggplot" "<Anonymous>" 
"fetch_ggproto" "$.ggproto" "$" "f" "scale$map" "setNames" "new_data_frame" "guide_train.legend" "guide_train" "guides_train" "build_guides" "ggplot_gtable.ggplot_built" "ggplot_gtable" "print.ggplot" "<Anonymous>" 
"list" "unit.arithmetic" "Ops.unit" "title_spec" "titleGrob" "element_grob.element_text" "element_grob" "element_render" "ggplot_gtable.ggplot_built" "ggplot_gtable" "print.ggplot" "<Anonymous>" 
"grid.Call.graphics" "push.vp.viewport" "FUN" "lapply" "push.vp.vpStack" "FUN" "lapply" "pushViewport" "pushgrobvp.viewport" "pushgrobvp" "pushvpgp" "preDraw.gTree" "preDraw" "drawGTree" "recordGraphics" "grid.draw.gTree" "NextMethod" "grid.draw.absoluteGrob" "grid.draw" "drawGTree" "recordGraphics" "grid.draw.gTree" "grid.draw" "print.ggplot" "<Anonymous>" 
"as.list.default" "as.list" "lapply" "sapply" "valid.data" "structure" "valid.unit" "unit" "heightDetails.text" "heightDetails" "<Anonymous>" "grid.Call.graphics" "push.vp.viewport" "push.vp" "push.vp.vpTree" "FUN" "lapply" "push.vp.vpStack" "FUN" "lapply" "pushViewport" "pushgrobvp.viewport" "pushgrobvp" "pushvpgp" "preDraw.gTree" "preDraw" "drawGTree" "recordGraphics" "grid.draw.gTree" "grid.draw" "drawGTree" "recordGraphics" "grid.draw.gTree" "grid.draw" "drawGTree" "recordGraphics" "grid.draw.gTree" "NextMethod" "grid.draw.absoluteGrob" "grid.draw" "drawGTree" "recordGraphics" "grid.draw.gTree" "grid.draw" "print.ggplot" "<Anonymous>" 
"is.gpar" "set.gpar" "pushvpgp" "preDraw.grob" "<Anonymous>" "grid.Call.graphics" "push.vp.viewport" "push.vp" "push.vp.vpTree" "FUN" "lapply" "pushViewport" "pushgrobvp.viewport" "pushgrobvp" "pushvpgp" "preDraw.gTree" "preDraw" "drawGTree" "recordGraphics" "grid.draw.gTree" "grid.draw" "drawGTree" "recordGraphics" "grid.draw.gTree" "grid.draw" "drawGTree" "recordGraphics" "grid.draw.gTree" "grid.draw" "drawGTree" "recordGraphics" "grid.draw.gTree" "grid.draw" "drawGTree" "recordGraphics" "grid.draw.gTree" "grid.draw" "print.ggplot" "<Anonymous>" 
"save" "<Anonymous>" 
"save" "<Anonymous>" 
"save" "<Anonymous>" 
"save" "<Anonymous>" 
"save" "<Anonymous>" 
"save" "<Anonymous>" 
"$" "depth.path" "depth" "[.vpPath" "[" "upViewport" "popgrobvp.viewport" "popgrobvp" "postDraw.grob" "<Anonymous>" "grid.Call.graphics" "push.vp.viewport" "FUN" "lapply" "pushViewport" "pushgrobvp.viewport" "pushgrobvp" "pushvpgp" "preDraw.gTree" "preDraw" "drawGTree" ".Call" "doTryCatch" "tryCatchOne" "tryCatchList" "tryCatch" "<Anonymous>" 
"grid.Call" "push.vp.viewport" "FUN" "lapply" "push.vp.vpStack" "FUN" "lapply" "pushViewport" "pushgrobvp.viewport" "pushgrobvp" "pushvpgp" "preDraw.gTree" "preDraw" "drawGTree" "recordGraphics" "grid.draw.gTree" "NextMethod" "grid.draw.absoluteGrob" "grid.draw" "drawGTree" ".Call" "doTryCatch" "tryCatchOne" "tryCatchList" "tryCatch" "<Anonymous>" 
"preDrawDetails" "preDraw.grob" "<Anonymous>" "grid.Call.graphics" "push.vp.viewport" "push.vp" "push.vp.vpTree" "FUN" "lapply" "pushViewport" "pushgrobvp.viewport" "pushgrobvp" "pushvpgp" "preDraw.gTree" "preDraw" "drawGTree" "recordGraphics" "grid.draw.gTree" "grid.draw" "drawGTree" "recordGraphics" "grid.draw.gTree" "grid.draw" "drawGTree" "recordGraphics" "grid.draw.gTree" "grid.draw" "drawGTree" "recordGraphics" "grid.draw.gTree" "grid.draw" "drawGTree" ".Call" "doTryCatch" "tryCatchOne" "tryCatchList" "tryCatch" "<Anonymous>" 
"sum" "widthDetails.titleGrob" "widthDetails" "<Anonymous>" "grid.Call.graphics" "push.vp.viewport" "FUN" "lapply" "pushViewport" "pushgrobvp.viewport" "pushgrobvp" "pushvpgp" "preDraw.gTree" "preDraw" "drawGTree" ".Call" "doTryCatch" "tryCatchOne" "tryCatchList" "tryCatch" "<Anonymous>" 
"lapply" "push.vp.vpStack" "FUN" "lapply" "pushViewport" "pushgrobvp.viewport" "pushgrobvp" "pushvpgp" "preDraw.gTree" "preDraw" "drawGTree" "recordGraphics" "grid.draw.gTree" "grid.draw" "drawGTree" "recordGraphics" "grid.draw.gTree" "grid.draw" "drawGTree" "recordGraphics" "grid.draw.gTree" "NextMethod" "grid.draw.absoluteGrob" "grid.draw" "drawGTree" ".Call" "doTryCatch" "tryCatchOne" "tryCatchList" "tryCatch" "<Anonymous>" 
"valid.data" "structure" "valid.unit" "unit" "widthDetails.text" "widthDetails" "<Anonymous>" "grid.Call.graphics" "push.vp.viewport" "push.vp" "push.vp.vpTree" "FUN" "lapply" "pushViewport" "pushgrobvp.viewport" "pushgrobvp" "pushvpgp" "preDraw.gTree" "<Anonymous>" "grid.Call.graphics" "push.vp.viewport" "FUN" "lapply" "push.vp.vpStack" "FUN" "lapply" "pushViewport" "pushgrobvp.viewport" "pushgrobvp" "pushvpgp" "preDraw.gTree" "preDraw" "drawGTree" "recordGraphics" "grid.draw.gTree" "grid.draw" "drawGTree" "recordGraphics" "grid.draw.gTree" "grid.draw" "drawGTree" "recordGraphics" "grid.draw.gTree" "grid.draw" "drawGTree" ".Call" "doTryCatch" "tryCatchOne" "tryCatchList" "tryCatch" "<Anonymous>" 
"grid.newpage" "print.ggplot" "<Anonymous>" 
"vapply" "map_mold" "map_lgl" "which" "check_valid_cols" "lst_to_tibble" "as_tibble.list" "tibble::as_tibble" "new_data_frame" "as_gg_data_frame" "f" "l$compute_aesthetics" "f" "by_layer" "ggplot_build.ggplot" "ggplot_build" "print.ggplot" "<Anonymous>" 
"[.unit" "[" "[.unit.arithmetic" "[" "FUN" "lapply" "structure" "FUN" "lapply" "do.call" "structure" "unit.list.from.list" "unit.c" "add_margins" "titleGrob" "element_grob.element_text" "element_grob" "element_render" "guide_axis" "render_axis" "f" "coord$render_axis_h" "f" "<Anonymous>" "f" "layout$render" "ggplot_gtable.ggplot_built" "ggplot_gtable" "print.ggplot" "<Anonymous>" 
"widthDetails.text" "widthDetails" "<Anonymous>" "grid.Call.graphics" "push.vp.viewport" "push.vp" "push.vp.vpTree" "FUN" "lapply" "pushViewport" "pushgrobvp.viewport" "pushgrobvp" "pushvpgp" "preDraw.gTree" "<Anonymous>" "grid.Call" "convertUnit" "convertWidth" "FUN" "vapply" "width_cm" "guide_gengrob.legend" "FUN" "lapply" "guides_gengrob" "build_guides" "ggplot_gtable.ggplot_built" "ggplot_gtable" "print.ggplot" "<Anonymous>" 
"[.data.frame" "[" "f" "g$draw_key" "FUN" "lapply" "FUN" "lapply" "unlist" "guide_gengrob.legend" "FUN" "lapply" "guides_gengrob" "build_guides" "ggplot_gtable.ggplot_built" "ggplot_gtable" "print.ggplot" "<Anonymous>" 
"heightDetails.text" "heightDetails" "<Anonymous>" "grid.Call.graphics" "push.vp.viewport" "push.vp" "push.vp.vpTree" "FUN" "lapply" "pushViewport" "pushgrobvp.viewport" "pushgrobvp" "pushvpgp" "preDraw.gTree" "<Anonymous>" "grid.Call.graphics" "push.vp.viewport" "FUN" "lapply" "pushViewport" "pushgrobvp.viewport" "pushgrobvp" "pushvpgp" "preDraw.gTree" "preDraw" "drawGTree" "recordGraphics" "grid.draw.gTree" "grid.draw" "print.ggplot" "<Anonymous>" 
"FUN" "lapply" "sapply" "depth.vpStack" "depth" "upViewport" "popgrobvp.viewport" "popgrobvp" "postDraw.grob" "postDraw" "drawGTree" "recordGraphics" "grid.draw.gTree" "grid.draw" "drawGTree" "recordGraphics" "grid.draw.gTree" "grid.draw" "print.ggplot" "<Anonymous>" 
"save" "<Anonymous>" 
"save" "<Anonymous>" 
"save" "<Anonymous>" 
"save" "<Anonymous>" 
"save" "<Anonymous>" 
"save" "<Anonymous>" 
".Call" "doTryCatch" "tryCatchOne" "tryCatchList" "tryCatch" "<Anonymous>" 
"getNamespace" "recordGraphics" "grid.draw.grob" "grid.draw" "drawGTree" "recordGraphics" "grid.draw.gTree" "grid.draw" "drawGTree" ".Call" "doTryCatch" "tryCatchOne" "tryCatchList" "tryCatch" "<Anonymous>" 
"structure" "valid.unit" "unit" "is.unit" "viewport" "<Anonymous>" "mapply" "makeContent.gtable" "makeContent" "drawGTree" "recordGraphics" "grid.draw.gTree" "grid.draw" "drawGTree" "recordGraphics" "grid.draw.gTree" "grid.draw" "drawGTree" ".Call" "doTryCatch" "tryCatchOne" "tryCatchList" "tryCatch" "<Anonymous>" 
"pushViewport" "pushgrobvp.viewport" "pushgrobvp" "pushvpgp" "preDraw.gTree" "preDraw" "drawGTree" "recordGraphics" "grid.draw.gTree" "grid.draw" "drawGTree" "recordGraphics" "grid.draw.gTree" "NextMethod" "grid.draw.absoluteGrob" "grid.draw" "drawGTree" ".Call" "doTryCatch" "tryCatchOne" "tryCatchList" "tryCatch" "<Anonymous>" 
"grid.Call" "widthDetails.text" "widthDetails" "<Anonymous>" "grid.Call.graphics" "push.vp.viewport" "push.vp" "push.vp.vpTree" "FUN" "lapply" "pushViewport" "pushgrobvp.viewport" "pushgrobvp" "pushvpgp" "preDraw.gTree" "<Anonymous>" "grid.Call.graphics" "push.vp.viewport" "FUN" "lapply" "push.vp.vpStack" "FUN" "lapply" "pushViewport" "pushgrobvp.viewport" "pushgrobvp" "pushvpgp" "preDraw.gTree" "preDraw" "drawGTree" "recordGraphics" "grid.draw.gTree" "grid.draw" "drawGTree" "recordGraphics" "grid.draw.gTree" "grid.draw" "drawGTree" "recordGraphics" "grid.draw.gTree" "grid.draw" "drawGTree" ".Call" "doTryCatch" "tryCatchOne" "tryCatchList" "tryCatch" "<Anonymous>" 
"grid.newpage" "print.ggplot" "<Anonymous>" 
"collapse_cnd_message" "rlang::signal" "signal_soft_deprecated" "[[.quosure" "[[" "vapply" "FUN" "vapply" "is_calculated_aes" "f" "l$compute_aesthetics" "f" "by_layer" "ggplot_build.ggplot" "ggplot_build" "print.ggplot" "<Anonymous>" 
"f" "Reduce" "FUN" "lapply" "calc_element" "element_render" "gList" "setChildren" "gTree" "grobTree" "grobName" "ggname" "guide_grid" "f" "<Anonymous>" "FUN" "lapply" "f" "layout$render" "ggplot_gtable.ggplot_built" "ggplot_gtable" "print.ggplot" "<Anonymous>" 
"grid.Call" "widthDetails.text" "widthDetails" "<Anonymous>" "grid.Call.graphics" "push.vp.viewport" "push.vp" "push.vp.vpTree" "FUN" "lapply" "pushViewport" "pushgrobvp.viewport" "pushgrobvp" "pushvpgp" "preDraw.gTree" "<Anonymous>" "grid.Call" "convertUnit" "convertHeight" "height_cm" "guide_gengrob.legend" "FUN" "lapply" "guides_gengrob" "build_guides" "ggplot_gtable.ggplot_built" "ggplot_gtable" "print.ggplot" "<Anonymous>" 
"deparse" "mode" "%in%" "deparse" "paste" "force" "as.data.frame.numeric" "as.data.frame" "data.frame" "do.call" "transform.data.frame" "transform" "guide_gengrob.legend" "FUN" "lapply" "guides_gengrob" "build_guides" "ggplot_gtable.ggplot_built" "ggplot_gtable" "print.ggplot" "<Anonymous>" 
"diff" "valid.viewport" "viewport" "<Anonymous>" "mapply" "makeContent.gtable" "makeContent" "drawGTree" "recordGraphics" "grid.draw.gTree" "grid.draw" "print.ggplot" "<Anonymous>" 
"grid.Call.graphics" "push.vp.viewport" "push.vp" "push.vp.vpList" "push.vp" "push.vp.vpTree" "FUN" "lapply" "push.vp.vpStack" "FUN" "lapply" "pushViewport" "pushgrobvp.viewport" "pushgrobvp" "pushvpgp" "preDraw.gTree" "preDraw" "drawGTree" "recordGraphics" "grid.draw.gTree" "grid.draw" "drawGTree" "recordGraphics" "grid.draw.gTree" "grid.draw" "print.ggplot" "<Anonymous>" 
"grid.Call.graphics" "drawDetails.text" "drawDetails" "drawGrob" "recordGraphics" "grid.draw.grob" "grid.draw" "drawGTree" "recordGraphics" "grid.draw.gTree" "grid.draw" "drawGTree" "recordGraphics" "grid.draw.gTree" "grid.draw" "print.ggplot" "<Anonymous>" 
"save" "<Anonymous>" 
"save" "<Anonymous>" 
"save" "<Anonymous>" 
"save" "<Anonymous>" 
"save" "<Anonymous>" 
".Call" "doTryCatch" "tryCatchOne" "tryCatchList" "tryCatch" "<Anonymous>" 
"unlist" "simplify2array" "sapply" "gList" "do.call" "setChildren" "makeContent.gtable" "makeContent" "drawGTree" ".Call" "doTryCatch" "tryCatchOne" "tryCatchList" "tryCatch" "<Anonymous>" 
"as.list" "lapply" "sapply" "valid.data" "structure" "valid.unit" "unit" "widthDetails.text" "widthDetails" "<Anonymous>" "grid.Call.graphics" "push.vp.viewport" "push.vp" "push.vp.vpTree" "FUN" "lapply" "pushViewport" "pushgrobvp.viewport" "pushgrobvp" "pushvpgp" "preDraw.gTree" "<Anonymous>" "grid.Call.graphics" "push.vp.viewport" "FUN" "lapply" "push.vp.vpStack" "FUN" "lapply" "pushViewport" "pushgrobvp.viewport" "pushgrobvp" "pushvpgp" "preDraw.gTree" "preDraw" "drawGTree" "recordGraphics" "grid.draw.gTree" "grid.draw" "drawGTree" "recordGraphics" "grid.draw.gTree" "grid.draw" "drawGTree" "recordGraphics" "grid.draw.gTree" "grid.draw" "drawGTree" ".Call" "doTryCatch" "tryCatchOne" "tryCatchList" "tryCatch" "<Anonymous>" 
"FUN" "lapply" "push.vp.vpStack" "FUN" "lapply" "pushViewport" "pushgrobvp.viewport" "pushgrobvp" "pushvpgp" "preDraw.gTree" "preDraw" "drawGTree" "recordGraphics" "grid.draw.gTree" "NextMethod" "grid.draw.absoluteGrob" "grid.draw" "drawGTree" ".Call" "doTryCatch" "tryCatchOne" "tryCatchList" "tryCatch" "<Anonymous>" 
"[.vpPath" "[" "upViewport" "popgrobvp.viewport" "popgrobvp" "postDraw.grob" "postDraw" "drawGrob" "recordGraphics" "grid.draw.grob" "grid.draw" "drawGTree" "recordGraphics" "grid.draw.gTree" "grid.draw" "drawGTree" "recordGraphics" "grid.draw.gTree" "grid.draw" "drawGTree" ".Call" "doTryCatch" "tryCatchOne" "tryCatchList" "tryCatch" "<Anonymous>" 
"grid.newpage" "print.ggplot" "<Anonymous>" 
"as.list" "vapply" "FUN" "vapply" "FUN" "vapply" "is_calculated_aes" "f" "l$compute_aesthetics" "f" "by_layer" "ggplot_build.ggplot" "ggplot_build" "print.ggplot" "<Anonymous>" 
"isFALSE" "sapply" "valid.data" "structure" "valid.unit" "unit" "polylineGrob" "element_grob.element_line" "element_grob" "element_render" "gList" "setChildren" "gTree" "grobTree" "grobName" "ggname" "guide_grid" "f" "<Anonymous>" "FUN" "lapply" "f" "layout$render" "ggplot_gtable.ggplot_built" "ggplot_gtable" "print.ggplot" "<Anonymous>" 
"pushvpgp" "preDraw.grob" "<Anonymous>" "grid.Call" "convertUnit" "convertWidth" "FUN" "vapply" "width_cm" "guide_gengrob.legend" "FUN" "lapply" "guides_gengrob" "build_guides" "ggplot_gtable.ggplot_built" "ggplot_gtable" "print.ggplot" "<Anonymous>" 
".Call" "doTryCatch" "tryCatchOne" "tryCatchList" "tryCatch" "<Anonymous>" "vapply" "gtable_add_grob" "ggplot_gtable.ggplot_built" "ggplot_gtable" "print.ggplot" "<Anonymous>" 
"$<-" "set.gpar" "push.vp.viewport" "FUN" "lapply" "push.vp.vpStack" "FUN" "lapply" "pushViewport" "pushgrobvp.viewport" "pushgrobvp" "pushvpgp" "preDraw.gTree" "preDraw" "drawGTree" "recordGraphics" "grid.draw.gTree" "NextMethod" "grid.draw.absoluteGrob" "grid.draw" "drawGTree" "recordGraphics" "grid.draw.gTree" "grid.draw" "print.ggplot" "<Anonymous>" 
"makeContext.gTableChild" "makeContext" "preDraw.grob" "preDraw" "drawGrob" "recordGraphics" "grid.draw.grob" "grid.draw" "drawGTree" "recordGraphics" "grid.draw.gTree" "grid.draw" "drawGTree" "recordGraphics" "grid.draw.gTree" "grid.draw" "drawGTree" "recordGraphics" "grid.draw.gTree" "grid.draw" "print.ggplot" "<Anonymous>" 
"save" "<Anonymous>" 
"save" "<Anonymous>" 
"save" "<Anonymous>" 
"save" "<Anonymous>" 
"save" "<Anonymous>" 
".Call" "doTryCatch" "tryCatchOne" "tryCatchList" "tryCatch" "<Anonymous>" 
"grid.Call.graphics" "push.vp.viewport" "push.vp" "push.vp.vpTree" "FUN" "lapply" "pushViewport" "pushgrobvp.viewport" "pushgrobvp" "pushvpgp" "preDraw.gTree" "<Anonymous>" "grid.Call.graphics" "push.vp.viewport" "FUN" "lapply" "pushViewport" "pushgrobvp.viewport" "pushgrobvp" "pushvpgp" "preDraw.gTree" "preDraw" "drawGTree" ".Call" "doTryCatch" "tryCatchOne" "tryCatchList" "tryCatch" "<Anonymous>" 
"valid.data" "structure" "valid.unit" "unit" "heightDetails.text" "heightDetails" "<Anonymous>" "grid.Call.graphics" "push.vp.viewport" "push.vp" "push.vp.vpTree" "FUN" "lapply" "push.vp.vpStack" "FUN" "lapply" "pushViewport" "pushgrobvp.viewport" "pushgrobvp" "pushvpgp" "preDraw.gTree" "preDraw" "drawGTree" "recordGraphics" "grid.draw.gTree" "grid.draw" "drawGTree" "recordGraphics" "grid.draw.gTree" "grid.draw" "drawGTree" "recordGraphics" "grid.draw.gTree" "NextMethod" "grid.draw.absoluteGrob" "grid.draw" "drawGTree" ".Call" "doTryCatch" "tryCatchOne" "tryCatchList" "tryCatch" "<Anonymous>" 
"strsplit" "unlist" "[.vpPath" "[" "upViewport" "popgrobvp.viewport" "popgrobvp" "postDraw.grob" "<Anonymous>" "grid.Call.graphics" "push.vp.viewport" "FUN" "lapply" "push.vp.vpStack" "FUN" "lapply" "pushViewport" "pushgrobvp.viewport" "pushgrobvp" "pushvpgp" "preDraw.gTree" "preDraw" "drawGTree" "recordGraphics" "grid.draw.gTree" "grid.draw" "drawGTree" "recordGraphics" "grid.draw.gTree" "grid.draw" "drawGTree" "recordGraphics" "grid.draw.gTree" "grid.draw" "drawGTree" ".Call" "doTryCatch" "tryCatchOne" "tryCatchList" "tryCatch" "<Anonymous>" 
"new.env" "pushedvp" "<Anonymous>" ".Call" "doTryCatch" "tryCatchOne" "tryCatchList" "tryCatch" "<Anonymous>" 
"sapply" "valid.data" "structure" "valid.unit" "unit" "is.unit" "viewport" "<Anonymous>" "mapply" "makeContent.gtable" "makeContent" "drawGTree" "recordGraphics" "grid.draw.gTree" "grid.draw" "drawGTree" "recordGraphics" "grid.draw.gTree" "NextMethod" "grid.draw.absoluteGrob" "grid.draw" "drawGTree" ".Call" "doTryCatch" "tryCatchOne" "tryCatchList" "tryCatch" "<Anonymous>" 
"vpStack" "makeContext.gTableChild" "makeContext" "preDraw.gTree" "preDraw" "drawGTree" "recordGraphics" "grid.draw.gTree" "grid.draw" "drawGTree" "recordGraphics" "grid.draw.gTree" "grid.draw" "drawGTree" "recordGraphics" "grid.draw.gTree" "grid.draw" "drawGTree" ".Call" "doTryCatch" "tryCatchOne" "tryCatchList" "tryCatch" "<Anonymous>" 
"grid.newpage" "print.ggplot" "<Anonymous>" 
"super" "fetch_ggproto" "fetch_ggproto" "$.ggproto" "$" "as.vector" "unique" "intersect" "FUN" "lapply" "f" "layout$map_position" "ggplot_build.ggplot" "ggplot_build" "print.ggplot" "<Anonymous>" 
"as.factor" "interaction" "stats::ave" "f" "<Anonymous>" "do.call" "FUN" "lapply" "f" "<Anonymous>" "f" "l$draw_geom" "<Anonymous>" "mapply" "Map" "ggplot_gtable.ggplot_built" "ggplot_gtable" "print.ggplot" "<Anonymous>" 
"match.fun" "sapply" "unit.c" "add_margins" "titleGrob" "element_grob.element_text" "element_grob" "grobName" "ggname" "guide_gengrob.legend" "FUN" "lapply" "guides_gengrob" "build_guides" "ggplot_gtable.ggplot_built" "ggplot_gtable" "print.ggplot" "<Anonymous>" 
"names" "set.gpar" "pushvpgp" "preDraw.grob" "<Anonymous>" "grid.Call.graphics" "push.vp.viewport" "push.vp" "push.vp.vpTree" "FUN" "lapply" "pushViewport" "pushgrobvp.viewport" "pushgrobvp" "pushvpgp" "preDraw.gTree" "<Anonymous>" "grid.Call" "convertUnit" "convertWidth" "FUN" "vapply" "width_cm" "guide_gengrob.legend" "FUN" "lapply" "guides_gengrob" "build_guides" "ggplot_gtable.ggplot_built" "ggplot_gtable" "print.ggplot" "<Anonymous>" 
"c" "c" "do.call" "structure" "unit.list.from.list" "unit.c" "Summary.unit" "sum" "heightDetails.titleGrob" "heightDetails" "<Anonymous>" "grid.Call.graphics" "push.vp.viewport" "FUN" "lapply" "pushViewport" "pushgrobvp.viewport" "pushgrobvp" "pushvpgp" "preDraw.gTree" "preDraw" "drawGTree" "recordGraphics" "grid.draw.gTree" "grid.draw" "print.ggplot" "<Anonymous>" 
"grid.Call" "push.vp.viewport" "push.vp" "push.vp.vpTree" "FUN" "lapply" "pushViewport" "pushgrobvp.viewport" "pushgrobvp" "pushvpgp" "preDraw.gTree" "<Anonymous>" "grid.Call.graphics" "push.vp.viewport" "FUN" "lapply" "push.vp.vpStack" "FUN" "lapply" "pushViewport" "pushgrobvp.viewport" "pushgrobvp" "pushvpgp" "preDraw.gTree" "preDraw" "drawGTree" "recordGraphics" "grid.draw.gTree" "grid.draw" "drawGTree" "recordGraphics" "grid.draw.gTree" "grid.draw" "drawGTree" "recordGraphics" "grid.draw.gTree" "grid.draw" "drawGTree" "recordGraphics" "grid.draw.gTree" "grid.draw" "print.ggplot" "<Anonymous>" 
"save" "<Anonymous>" 
"save" "<Anonymous>" 
"save" "<Anonymous>" 
"save" "<Anonymous>" 
"save" "<Anonymous>" 
"save" "<Anonymous>" 
"grid.Call" "widthDetails.text" "widthDetails" "<Anonymous>" "grid.Call.graphics" "push.vp.viewport" "push.vp" "push.vp.vpTree" "FUN" "lapply" "pushViewport" "pushgrobvp.viewport" "pushgrobvp" "pushvpgp" "preDraw.gTree" "<Anonymous>" "grid.Call.graphics" "push.vp.viewport" "FUN" "lapply" "pushViewport" "pushgrobvp.viewport" "pushgrobvp" "pushvpgp" "preDraw.gTree" "preDraw" "drawGTree" ".Call" "doTryCatch" "tryCatchOne" "tryCatchList" "tryCatch" "<Anonymous>" 
"length" "length" "push.vp.vpList" "push.vp" "push.vp.vpTree" "FUN" "lapply" "push.vp.vpStack" "FUN" "lapply" "pushViewport" "pushgrobvp.viewport" "pushgrobvp" "pushvpgp" "preDraw.gTree" "preDraw" "drawGTree" "recordGraphics" "grid.draw.gTree" "grid.draw" "drawGTree" ".Call" "doTryCatch" "tryCatchOne" "tryCatchList" "tryCatch" "<Anonymous>" 
"depth" "[.vpPath" "[" "upViewport" "popgrobvp.viewport" "popgrobvp" "postDraw.grob" "postDraw" "drawGrob" "recordGraphics" "grid.draw.grob" "grid.draw" "drawGTree" ".Call" "doTryCatch" "tryCatchOne" "tryCatchList" "tryCatch" "<Anonymous>" 
"$" "postDraw.grob" "<Anonymous>" "grid.Call.graphics" "push.vp.viewport" "FUN" "lapply" "pushViewport" "pushgrobvp.viewport" "pushgrobvp" "pushvpgp" "preDraw.gTree" "preDraw" "drawGTree" ".Call" "doTryCatch" "tryCatchOne" "tryCatchList" "tryCatch" "<Anonymous>" 
"makeContext.gtable" "NextMethod" "makeContext.gTableChild" "makeContext" "preDraw.gTree" "preDraw" "drawGTree" "recordGraphics" "grid.draw.gTree" "grid.draw" "drawGTree" "recordGraphics" "grid.draw.gTree" "grid.draw" "drawGTree" ".Call" "doTryCatch" "tryCatchOne" "tryCatchList" "tryCatch" "<Anonymous>" 
"lapply" "sapply" "[.gList" "[" "setChildren" "makeContent.gtable" "makeContent" "drawGTree" "recordGra